<?xml version="1.0" encoding="UTF-8"?>
<!-- Generated by org.testng.reporters.JUnitXMLReporter -->
<testsuite hostname="Vijaya" failures="3" tests="11" name="Free CRM Test" time="191.267" errors="0" timestamp="22 Mar 2019 14:22:33 GMT">
  <testcase classname="pack.crm.testcases.LoginPageTest" name="loginPageTitleTest" time="0.02"/>
  <testcase classname="pack.crm.testcases.LoginPageTest" name="crmImageTest" time="0.066"/>
  <testcase classname="pack.crm.testcases.LoginPageTest" name="loginTest" time="4.563"/>
  <testcase classname="pack.crm.testcases.HomePageTest" name="verifyHomePageTitleTest" time="0.053">
    <failure type="java.lang.NullPointerException">
      <![CDATA[java.lang.NullPointerException
	at pack.crm.testcases.HomePageTest.verifyHomePageTitleTest(HomePageTest.java:38)
... Removed 24 stack frames]]>
    </failure>
  </testcase> <!-- verifyHomePageTitleTest -->
  <testcase classname="pack.crm.testcases.HomePageTest" name="verifyuserNameTest" time="0.079">
    <failure type="java.lang.NullPointerException">
      <![CDATA[java.lang.NullPointerException
	at pack.crm.testcases.HomePageTest.verifyuserNameTest(HomePageTest.java:48)
... Removed 24 stack frames]]>
    </failure>
  </testcase> <!-- verifyuserNameTest -->
  <testcase classname="pack.crm.testcases.HomePageTest" name="verrifyContactsLinkTest" time="0.002">
    <failure type="java.lang.NullPointerException">
      <![CDATA[java.lang.NullPointerException
	at pack.crm.testcases.HomePageTest.verrifyContactsLinkTest(HomePageTest.java:56)
... Removed 24 stack frames]]>
    </failure>
  </testcase> <!-- verrifyContactsLinkTest -->
  <testcase classname="pack.crm.testcases.ContactsPageTest" name="verifyContactsPageLabelTest" time="0.081"/>
  <testcase classname="pack.crm.testcases.ContactsPageTest" name="selectContactsByNametest" time="0.178"/>
  <testcase classname="pack.crm.testcases.ContactsPageTest" name="validateCreateNewContact" time="4.007"/>
  <testcase classname="pack.crm.testcases.ContactsPageTest" name="validateCreateNewContact" time="3.723"/>
  <testcase classname="pack.crm.testcases.ContactsPageTest" name="validateCreateNewContact" time="2.898"/>
</testsuite> <!-- Free CRM Test -->
